H:\TAOCODE\RUNNINGMAN_NEW\RUNNINGMAN\PROJ.WIN32\DEBUG.WIN32\LIBCOCOS2D.LIB
H:\TaoCode\RunningMan_New\RunningMan\cocos2d\cocos\2d\Debug.win32\atitc.obj
H:\TaoCode\RunningMan_New\RunningMan\cocos2d\cocos\2d\Debug.win32\base64.obj
H:\TaoCode\RunningMan_New\RunningMan\cocos2d\cocos\2d\Debug.win32\CCAction.obj
H:\TaoCode\RunningMan_New\RunningMan\cocos2d\cocos\2d\Debug.win32\CCActionCamera.obj
H:\TaoCode\RunningMan_New\RunningMan\cocos2d\cocos\2d\Debug.win32\CCActionCatmullRom.obj
H:\TaoCode\RunningMan_New\RunningMan\cocos2d\cocos\2d\Debug.win32\CCActionEase.obj
H:\TaoCode\RunningMan_New\RunningMan\cocos2d\cocos\2d\Debug.win32\CCActionGrid.obj
H:\TaoCode\RunningMan_New\RunningMan\cocos2d\cocos\2d\Debug.win32\CCActionGrid3D.obj
H:\TaoCode\RunningMan_New\RunningMan\cocos2d\cocos\2d\Debug.win32\CCActionInstant.obj
H:\TaoCode\RunningMan_New\RunningMan\cocos2d\cocos\2d\Debug.win32\CCActionInterval.obj
H:\TaoCode\RunningMan_New\RunningMan\cocos2d\cocos\2d\Debug.win32\CCActionManager.obj
H:\TaoCode\RunningMan_New\RunningMan\cocos2d\cocos\2d\Debug.win32\CCActionPageTurn3D.obj
H:\TaoCode\RunningMan_New\RunningMan\cocos2d\cocos\2d\Debug.win32\CCActionProgressTimer.obj
H:\TaoCode\RunningMan_New\RunningMan\cocos2d\cocos\2d\Debug.win32\CCActionTiledGrid.obj
H:\TaoCode\RunningMan_New\RunningMan\cocos2d\cocos\2d\Debug.win32\CCActionTween.obj
H:\TaoCode\RunningMan_New\RunningMan\cocos2d\cocos\2d\Debug.win32\CCAffineTransform.obj
H:\TaoCode\RunningMan_New\RunningMan\cocos2d\cocos\2d\Debug.win32\CCAnimate3D.obj
H:\TaoCode\RunningMan_New\RunningMan\cocos2d\cocos\2d\Debug.win32\CCAnimation.obj
H:\TaoCode\RunningMan_New\RunningMan\cocos2d\cocos\2d\Debug.win32\CCAnimation3D.obj
H:\TaoCode\RunningMan_New\RunningMan\cocos2d\cocos\2d\Debug.win32\CCAnimationCache.obj
H:\TaoCode\RunningMan_New\RunningMan\cocos2d\cocos\2d\Debug.win32\CCApplication.obj
H:\TaoCode\RunningMan_New\RunningMan\cocos2d\cocos\2d\Debug.win32\CCArray.obj
H:\TaoCode\RunningMan_New\RunningMan\cocos2d\cocos\2d\Debug.win32\CCAtlasNode.obj
H:\TaoCode\RunningMan_New\RunningMan\cocos2d\cocos\2d\Debug.win32\CCAutoreleasePool.obj
H:\TaoCode\RunningMan_New\RunningMan\cocos2d\cocos\2d\Debug.win32\CCBatchCommand.obj
H:\TaoCode\RunningMan_New\RunningMan\cocos2d\cocos\2d\Debug.win32\CCBundle3D.obj
H:\TaoCode\RunningMan_New\RunningMan\cocos2d\cocos\2d\Debug.win32\CCBundleReader.obj
H:\TaoCode\RunningMan_New\RunningMan\cocos2d\cocos\2d\Debug.win32\ccCArray.obj
H:\TaoCode\RunningMan_New\RunningMan\cocos2d\cocos\2d\Debug.win32\CCClippingNode.obj
H:\TaoCode\RunningMan_New\RunningMan\cocos2d\cocos\2d\Debug.win32\CCCommon.obj
H:\TaoCode\RunningMan_New\RunningMan\cocos2d\cocos\2d\Debug.win32\CCComponent.obj
H:\TaoCode\RunningMan_New\RunningMan\cocos2d\cocos\2d\Debug.win32\CCComponentContainer.obj
H:\TaoCode\RunningMan_New\RunningMan\cocos2d\cocos\2d\Debug.win32\CCConfiguration.obj
H:\TaoCode\RunningMan_New\RunningMan\cocos2d\cocos\2d\Debug.win32\CCConsole.obj
H:\TaoCode\RunningMan_New\RunningMan\cocos2d\cocos\2d\Debug.win32\CCCustomCommand.obj
H:\TaoCode\RunningMan_New\RunningMan\cocos2d\cocos\2d\Debug.win32\CCData.obj
H:\TaoCode\RunningMan_New\RunningMan\cocos2d\cocos\2d\Debug.win32\CCDataVisitor.obj
H:\TaoCode\RunningMan_New\RunningMan\cocos2d\cocos\2d\Debug.win32\CCDeprecated.obj
H:\TaoCode\RunningMan_New\RunningMan\cocos2d\cocos\2d\Debug.win32\CCDevice.obj
H:\TaoCode\RunningMan_New\RunningMan\cocos2d\cocos\2d\Debug.win32\CCDictionary.obj
H:\TaoCode\RunningMan_New\RunningMan\cocos2d\cocos\2d\Debug.win32\CCDirector.obj
H:\TaoCode\RunningMan_New\RunningMan\cocos2d\cocos\2d\Debug.win32\CCDrawingPrimitives.obj
H:\TaoCode\RunningMan_New\RunningMan\cocos2d\cocos\2d\Debug.win32\CCDrawNode.obj
H:\TaoCode\RunningMan_New\RunningMan\cocos2d\cocos\2d\Debug.win32\CCEvent.obj
H:\TaoCode\RunningMan_New\RunningMan\cocos2d\cocos\2d\Debug.win32\CCEventAcceleration.obj
H:\TaoCode\RunningMan_New\RunningMan\cocos2d\cocos\2d\Debug.win32\CCEventCustom.obj
H:\TaoCode\RunningMan_New\RunningMan\cocos2d\cocos\2d\Debug.win32\CCEventDispatcher.obj
H:\TaoCode\RunningMan_New\RunningMan\cocos2d\cocos\2d\Debug.win32\CCEventFocus.obj
H:\TaoCode\RunningMan_New\RunningMan\cocos2d\cocos\2d\Debug.win32\CCEventKeyboard.obj
H:\TaoCode\RunningMan_New\RunningMan\cocos2d\cocos\2d\Debug.win32\CCEventListener.obj
H:\TaoCode\RunningMan_New\RunningMan\cocos2d\cocos\2d\Debug.win32\CCEventListenerAcceleration.obj
H:\TaoCode\RunningMan_New\RunningMan\cocos2d\cocos\2d\Debug.win32\CCEventListenerCustom.obj
H:\TaoCode\RunningMan_New\RunningMan\cocos2d\cocos\2d\Debug.win32\CCEventListenerFocus.obj
H:\TaoCode\RunningMan_New\RunningMan\cocos2d\cocos\2d\Debug.win32\CCEventListenerKeyboard.obj
H:\TaoCode\RunningMan_New\RunningMan\cocos2d\cocos\2d\Debug.win32\CCEventListenerMouse.obj
H:\TaoCode\RunningMan_New\RunningMan\cocos2d\cocos\2d\Debug.win32\CCEventListenerTouch.obj
H:\TaoCode\RunningMan_New\RunningMan\cocos2d\cocos\2d\Debug.win32\CCEventMouse.obj
H:\TaoCode\RunningMan_New\RunningMan\cocos2d\cocos\2d\Debug.win32\CCEventTouch.obj
H:\TaoCode\RunningMan_New\RunningMan\cocos2d\cocos\2d\Debug.win32\CCFastTMXLayer.obj
H:\TaoCode\RunningMan_New\RunningMan\cocos2d\cocos\2d\Debug.win32\CCFastTMXTiledMap.obj
H:\TaoCode\RunningMan_New\RunningMan\cocos2d\cocos\2d\Debug.win32\CCFileUtils.obj
H:\TaoCode\RunningMan_New\RunningMan\cocos2d\cocos\2d\Debug.win32\CCFileUtilsWin32.obj
H:\TaoCode\RunningMan_New\RunningMan\cocos2d\cocos\2d\Debug.win32\CCFont.obj
H:\TaoCode\RunningMan_New\RunningMan\cocos2d\cocos\2d\Debug.win32\CCFontAtlas.obj
H:\TaoCode\RunningMan_New\RunningMan\cocos2d\cocos\2d\Debug.win32\CCFontAtlasCache.obj
H:\TaoCode\RunningMan_New\RunningMan\cocos2d\cocos\2d\Debug.win32\CCFontCharMap.obj
H:\TaoCode\RunningMan_New\RunningMan\cocos2d\cocos\2d\Debug.win32\CCFontFNT.obj
H:\TaoCode\RunningMan_New\RunningMan\cocos2d\cocos\2d\Debug.win32\CCFontFreeType.obj
H:\TaoCode\RunningMan_New\RunningMan\cocos2d\cocos\2d\Debug.win32\ccFPSImages.obj
H:\TaoCode\RunningMan_New\RunningMan\cocos2d\cocos\2d\Debug.win32\CCGeometry.obj
H:\TaoCode\RunningMan_New\RunningMan\cocos2d\cocos\2d\Debug.win32\CCGLBufferedNode.obj
H:\TaoCode\RunningMan_New\RunningMan\cocos2d\cocos\2d\Debug.win32\CCGLProgram.obj
H:\TaoCode\RunningMan_New\RunningMan\cocos2d\cocos\2d\Debug.win32\CCGLProgramCache.obj
H:\TaoCode\RunningMan_New\RunningMan\cocos2d\cocos\2d\Debug.win32\CCGLProgramState.obj
H:\TaoCode\RunningMan_New\RunningMan\cocos2d\cocos\2d\Debug.win32\CCGLProgramStateCache.obj
H:\TaoCode\RunningMan_New\RunningMan\cocos2d\cocos\2d\Debug.win32\ccGLStateCache.obj
H:\TaoCode\RunningMan_New\RunningMan\cocos2d\cocos\2d\Debug.win32\CCGLView.obj
H:\TaoCode\RunningMan_New\RunningMan\cocos2d\cocos\2d\Debug.win32\CCGLViewProtocol.obj
H:\TaoCode\RunningMan_New\RunningMan\cocos2d\cocos\2d\Debug.win32\CCGrabber.obj
H:\TaoCode\RunningMan_New\RunningMan\cocos2d\cocos\2d\Debug.win32\CCGrid.obj
H:\TaoCode\RunningMan_New\RunningMan\cocos2d\cocos\2d\Debug.win32\CCGroupCommand.obj
H:\TaoCode\RunningMan_New\RunningMan\cocos2d\cocos\2d\Debug.win32\CCImage.obj
H:\TaoCode\RunningMan_New\RunningMan\cocos2d\cocos\2d\Debug.win32\CCIMEDispatcher.obj
H:\TaoCode\RunningMan_New\RunningMan\cocos2d\cocos\2d\Debug.win32\CCLabel.obj
H:\TaoCode\RunningMan_New\RunningMan\cocos2d\cocos\2d\Debug.win32\CCLabelAtlas.obj
H:\TaoCode\RunningMan_New\RunningMan\cocos2d\cocos\2d\Debug.win32\CCLabelBMFont.obj
H:\TaoCode\RunningMan_New\RunningMan\cocos2d\cocos\2d\Debug.win32\CCLabelTextFormatter.obj
H:\TaoCode\RunningMan_New\RunningMan\cocos2d\cocos\2d\Debug.win32\CCLabelTTF.obj
H:\TaoCode\RunningMan_New\RunningMan\cocos2d\cocos\2d\Debug.win32\CCLayer.obj
H:\TaoCode\RunningMan_New\RunningMan\cocos2d\cocos\2d\Debug.win32\CCMenu.obj
H:\TaoCode\RunningMan_New\RunningMan\cocos2d\cocos\2d\Debug.win32\CCMenuItem.obj
H:\TaoCode\RunningMan_New\RunningMan\cocos2d\cocos\2d\Debug.win32\CCMesh.obj
H:\TaoCode\RunningMan_New\RunningMan\cocos2d\cocos\2d\Debug.win32\CCMeshCommand.obj
H:\TaoCode\RunningMan_New\RunningMan\cocos2d\cocos\2d\Debug.win32\CCMeshSkin.obj
H:\TaoCode\RunningMan_New\RunningMan\cocos2d\cocos\2d\Debug.win32\CCMotionStreak.obj
H:\TaoCode\RunningMan_New\RunningMan\cocos2d\cocos\2d\Debug.win32\CCNode.obj
H:\TaoCode\RunningMan_New\RunningMan\cocos2d\cocos\2d\Debug.win32\CCNodeGrid.obj
H:\TaoCode\RunningMan_New\RunningMan\cocos2d\cocos\2d\Debug.win32\CCNotificationCenter.obj
H:\TaoCode\RunningMan_New\RunningMan\cocos2d\cocos\2d\Debug.win32\CCNS.obj
H:\TaoCode\RunningMan_New\RunningMan\cocos2d\cocos\2d\Debug.win32\CCObjLoader.obj
H:\TaoCode\RunningMan_New\RunningMan\cocos2d\cocos\2d\Debug.win32\CCParallaxNode.obj
H:\TaoCode\RunningMan_New\RunningMan\cocos2d\cocos\2d\Debug.win32\CCParticleBatchNode.obj
H:\TaoCode\RunningMan_New\RunningMan\cocos2d\cocos\2d\Debug.win32\CCParticleExamples.obj
H:\TaoCode\RunningMan_New\RunningMan\cocos2d\cocos\2d\Debug.win32\CCParticleSystem.obj
H:\TaoCode\RunningMan_New\RunningMan\cocos2d\cocos\2d\Debug.win32\CCParticleSystemQuad.obj
H:\TaoCode\RunningMan_New\RunningMan\cocos2d\cocos\2d\Debug.win32\CCPhysicsBody.obj
H:\TaoCode\RunningMan_New\RunningMan\cocos2d\cocos\2d\Debug.win32\CCPhysicsBodyInfo_chipmunk.obj
H:\TaoCode\RunningMan_New\RunningMan\cocos2d\cocos\2d\Debug.win32\CCPhysicsContact.obj
H:\TaoCode\RunningMan_New\RunningMan\cocos2d\cocos\2d\Debug.win32\CCPhysicsContactInfo_chipmunk.obj
H:\TaoCode\RunningMan_New\RunningMan\cocos2d\cocos\2d\Debug.win32\CCPhysicsJoint.obj
H:\TaoCode\RunningMan_New\RunningMan\cocos2d\cocos\2d\Debug.win32\CCPhysicsJointInfo_chipmunk.obj
H:\TaoCode\RunningMan_New\RunningMan\cocos2d\cocos\2d\Debug.win32\CCPhysicsShape.obj
H:\TaoCode\RunningMan_New\RunningMan\cocos2d\cocos\2d\Debug.win32\CCPhysicsShapeInfo_chipmunk.obj
H:\TaoCode\RunningMan_New\RunningMan\cocos2d\cocos\2d\Debug.win32\CCPhysicsWorld.obj
H:\TaoCode\RunningMan_New\RunningMan\cocos2d\cocos\2d\Debug.win32\CCPhysicsWorldInfo_chipmunk.obj
H:\TaoCode\RunningMan_New\RunningMan\cocos2d\cocos\2d\Debug.win32\CCProfiling.obj
H:\TaoCode\RunningMan_New\RunningMan\cocos2d\cocos\2d\Debug.win32\CCProgressTimer.obj
H:\TaoCode\RunningMan_New\RunningMan\cocos2d\cocos\2d\Debug.win32\CCQuadCommand.obj
H:\TaoCode\RunningMan_New\RunningMan\cocos2d\cocos\2d\Debug.win32\CCRef.obj
H:\TaoCode\RunningMan_New\RunningMan\cocos2d\cocos\2d\Debug.win32\CCRenderCommand.obj
H:\TaoCode\RunningMan_New\RunningMan\cocos2d\cocos\2d\Debug.win32\CCRenderer.obj
H:\TaoCode\RunningMan_New\RunningMan\cocos2d\cocos\2d\Debug.win32\CCRenderTexture.obj
H:\TaoCode\RunningMan_New\RunningMan\cocos2d\cocos\2d\Debug.win32\CCSAXParser.obj
H:\TaoCode\RunningMan_New\RunningMan\cocos2d\cocos\2d\Debug.win32\CCScene.obj
H:\TaoCode\RunningMan_New\RunningMan\cocos2d\cocos\2d\Debug.win32\CCScheduler.obj
H:\TaoCode\RunningMan_New\RunningMan\cocos2d\cocos\2d\Debug.win32\CCScriptSupport.obj
H:\TaoCode\RunningMan_New\RunningMan\cocos2d\cocos\2d\Debug.win32\CCSet.obj
H:\TaoCode\RunningMan_New\RunningMan\cocos2d\cocos\2d\Debug.win32\ccShaders.obj
H:\TaoCode\RunningMan_New\RunningMan\cocos2d\cocos\2d\Debug.win32\CCSprite.obj
H:\TaoCode\RunningMan_New\RunningMan\cocos2d\cocos\2d\Debug.win32\CCSprite3D.obj
H:\TaoCode\RunningMan_New\RunningMan\cocos2d\cocos\2d\Debug.win32\CCSprite3DMaterial.obj
H:\TaoCode\RunningMan_New\RunningMan\cocos2d\cocos\2d\Debug.win32\CCSpriteBatchNode.obj
H:\TaoCode\RunningMan_New\RunningMan\cocos2d\cocos\2d\Debug.win32\CCSpriteFrame.obj
H:\TaoCode\RunningMan_New\RunningMan\cocos2d\cocos\2d\Debug.win32\CCSpriteFrameCache.obj
H:\TaoCode\RunningMan_New\RunningMan\cocos2d\cocos\2d\Debug.win32\CCStdC.obj
H:\TaoCode\RunningMan_New\RunningMan\cocos2d\cocos\2d\Debug.win32\CCString.obj
H:\TaoCode\RunningMan_New\RunningMan\cocos2d\cocos\2d\Debug.win32\CCTextFieldTTF.obj
H:\TaoCode\RunningMan_New\RunningMan\cocos2d\cocos\2d\Debug.win32\CCTexture2D.obj
H:\TaoCode\RunningMan_New\RunningMan\cocos2d\cocos\2d\Debug.win32\CCTextureAtlas.obj
H:\TaoCode\RunningMan_New\RunningMan\cocos2d\cocos\2d\Debug.win32\CCTextureCache.obj
H:\TaoCode\RunningMan_New\RunningMan\cocos2d\cocos\2d\Debug.win32\CCThread.obj
H:\TaoCode\RunningMan_New\RunningMan\cocos2d\cocos\2d\Debug.win32\CCTileMapAtlas.obj
H:\TaoCode\RunningMan_New\RunningMan\cocos2d\cocos\2d\Debug.win32\CCTMXLayer.obj
H:\TaoCode\RunningMan_New\RunningMan\cocos2d\cocos\2d\Debug.win32\CCTMXObjectGroup.obj
H:\TaoCode\RunningMan_New\RunningMan\cocos2d\cocos\2d\Debug.win32\CCTMXTiledMap.obj
H:\TaoCode\RunningMan_New\RunningMan\cocos2d\cocos\2d\Debug.win32\CCTMXXMLParser.obj
H:\TaoCode\RunningMan_New\RunningMan\cocos2d\cocos\2d\Debug.win32\CCTouch.obj
H:\TaoCode\RunningMan_New\RunningMan\cocos2d\cocos\2d\Debug.win32\CCTransition.obj
H:\TaoCode\RunningMan_New\RunningMan\cocos2d\cocos\2d\Debug.win32\CCTransitionPageTurn.obj
H:\TaoCode\RunningMan_New\RunningMan\cocos2d\cocos\2d\Debug.win32\CCTransitionProgress.obj
H:\TaoCode\RunningMan_New\RunningMan\cocos2d\cocos\2d\Debug.win32\CCTweenFunction.obj
H:\TaoCode\RunningMan_New\RunningMan\cocos2d\cocos\2d\Debug.win32\ccTypes.obj
H:\TaoCode\RunningMan_New\RunningMan\cocos2d\cocos\2d\Debug.win32\CCUserDefault.obj
H:\TaoCode\RunningMan_New\RunningMan\cocos2d\cocos\2d\Debug.win32\ccUTF8.obj
H:\TaoCode\RunningMan_New\RunningMan\cocos2d\cocos\2d\Debug.win32\ccUtils.obj
H:\TaoCode\RunningMan_New\RunningMan\cocos2d\cocos\2d\Debug.win32\CCValue.obj
H:\TaoCode\RunningMan_New\RunningMan\cocos2d\cocos\2d\Debug.win32\CCVertex.obj
H:\TaoCode\RunningMan_New\RunningMan\cocos2d\cocos\2d\Debug.win32\cocos2d.obj
H:\TaoCode\RunningMan_New\RunningMan\cocos2d\cocos\2d\Debug.win32\ConvertUTF.obj
H:\TaoCode\RunningMan_New\RunningMan\cocos2d\cocos\2d\Debug.win32\ConvertUTFWrapper.obj
H:\TaoCode\RunningMan_New\RunningMan\cocos2d\cocos\2d\Debug.win32\edtaa3func.obj
H:\TaoCode\RunningMan_New\RunningMan\cocos2d\cocos\2d\Debug.win32\etc1.obj
H:\TaoCode\RunningMan_New\RunningMan\cocos2d\cocos\2d\Debug.win32\ioapi.obj
H:\TaoCode\RunningMan_New\RunningMan\cocos2d\cocos\2d\Debug.win32\Mat4.obj
H:\TaoCode\RunningMan_New\RunningMan\cocos2d\cocos\2d\Debug.win32\MathUtil.obj
H:\TaoCode\RunningMan_New\RunningMan\cocos2d\cocos\2d\Debug.win32\ObjectFactory.obj
H:\TaoCode\RunningMan_New\RunningMan\cocos2d\cocos\2d\Debug.win32\Quaternion.obj
H:\TaoCode\RunningMan_New\RunningMan\cocos2d\cocos\2d\Debug.win32\s3tc.obj
H:\TaoCode\RunningMan_New\RunningMan\cocos2d\cocos\2d\Debug.win32\TGAlib.obj
H:\TaoCode\RunningMan_New\RunningMan\cocos2d\cocos\2d\Debug.win32\tinyxml2.obj
H:\TaoCode\RunningMan_New\RunningMan\cocos2d\cocos\2d\Debug.win32\TransformUtils.obj
H:\TaoCode\RunningMan_New\RunningMan\cocos2d\cocos\2d\Debug.win32\unzip.obj
H:\TaoCode\RunningMan_New\RunningMan\cocos2d\cocos\2d\Debug.win32\Vec2.obj
H:\TaoCode\RunningMan_New\RunningMan\cocos2d\cocos\2d\Debug.win32\Vec3.obj
H:\TaoCode\RunningMan_New\RunningMan\cocos2d\cocos\2d\Debug.win32\Vec4.obj
H:\TaoCode\RunningMan_New\RunningMan\cocos2d\cocos\2d\Debug.win32\xxhash.obj
H:\TaoCode\RunningMan_New\RunningMan\cocos2d\cocos\2d\Debug.win32\ZipUtils.obj
H:\TaoCode\RunningMan_New\RunningMan\cocos2d\cocos\2d\Debug.win32\CL.200.read.1.tlog
H:\TaoCode\RunningMan_New\RunningMan\cocos2d\cocos\2d\Debug.win32\CL.200.write.1.tlog
H:\TaoCode\RunningMan_New\RunningMan\cocos2d\cocos\2d\Debug.win32\CL.21216.read.1.tlog
H:\TaoCode\RunningMan_New\RunningMan\cocos2d\cocos\2d\Debug.win32\CL.21216.write.1.tlog
H:\TaoCode\RunningMan_New\RunningMan\cocos2d\cocos\2d\Debug.win32\CL.21456.read.1.tlog
H:\TaoCode\RunningMan_New\RunningMan\cocos2d\cocos\2d\Debug.win32\CL.21456.write.1.tlog
H:\TaoCode\RunningMan_New\RunningMan\cocos2d\cocos\2d\Debug.win32\CL.22232.read.1.tlog
H:\TaoCode\RunningMan_New\RunningMan\cocos2d\cocos\2d\Debug.win32\CL.22232.write.1.tlog
H:\TaoCode\RunningMan_New\RunningMan\cocos2d\cocos\2d\Debug.win32\CL.22692.read.1.tlog
H:\TaoCode\RunningMan_New\RunningMan\cocos2d\cocos\2d\Debug.win32\CL.22692.write.1.tlog
H:\TaoCode\RunningMan_New\RunningMan\cocos2d\cocos\2d\Debug.win32\CL.2596.read.1.tlog
H:\TaoCode\RunningMan_New\RunningMan\cocos2d\cocos\2d\Debug.win32\CL.2596.write.1.tlog
H:\TaoCode\RunningMan_New\RunningMan\cocos2d\cocos\2d\Debug.win32\CL.7568.read.1.tlog
H:\TaoCode\RunningMan_New\RunningMan\cocos2d\cocos\2d\Debug.win32\CL.7568.write.1.tlog
H:\TaoCode\RunningMan_New\RunningMan\cocos2d\cocos\2d\Debug.win32\CL.9940.read.1.tlog
H:\TaoCode\RunningMan_New\RunningMan\cocos2d\cocos\2d\Debug.win32\CL.9940.write.1.tlog
H:\TaoCode\RunningMan_New\RunningMan\cocos2d\cocos\2d\Debug.win32\cl.command.1.tlog
H:\TaoCode\RunningMan_New\RunningMan\cocos2d\cocos\2d\Debug.win32\CL.read.1.tlog
H:\TaoCode\RunningMan_New\RunningMan\cocos2d\cocos\2d\Debug.win32\cl.write.1.tlog
H:\TaoCode\RunningMan_New\RunningMan\cocos2d\cocos\2d\Debug.win32\Lib-link.read.1.tlog
H:\TaoCode\RunningMan_New\RunningMan\cocos2d\cocos\2d\Debug.win32\Lib-link.write.1.tlog
H:\TaoCode\RunningMan_New\RunningMan\cocos2d\cocos\2d\Debug.win32\lib.command.1.tlog
H:\TaoCode\RunningMan_New\RunningMan\proj.win32\Debug.win32\libcocos2d.lib
